<?xml version="1.0" encoding="UTF-8"?>
<!-- Generated by org.testng.reporters.JUnitReportReporter -->
<testsuite hostname="DESKTOP-R0LQ317" failures="0" tests="1" name="com.Pric.testScripts.EdgeCase_ErrorHandling" time="67.301" errors="0" timestamp="2024-09-15T16:50:29 IST" skipped="0">
  <testcase classname="com.Pric.testScripts.EdgeCase_ErrorHandling" name="edit_mesg" time="67.301">
    <system-out>
      <![CDATA[edit_mesgÏs Executed]]>
    </system-out>
  </testcase> <!-- edit_mesg -->
  <system-out>
    <![CDATA[Enter number
enter first
enter second
enter third
enter fourth
edit_mesgÏs Executed]]>
  </system-out>
</testsuite> <!-- com.Pric.testScripts.EdgeCase_ErrorHandling -->
