<?xml version="1.0" encoding="UTF-8"?>
<!-- Generated by org.testng.reporters.JUnitReportReporter -->
<testsuite hostname="DESKTOP-R0LQ317" failures="0" tests="1" name="com.Pric.testScripts.DeleteLockedMsg" time="74.087" errors="0" timestamp="2024-09-15T17:27:50 IST" skipped="0">
  <testcase classname="com.Pric.testScripts.DeleteLockedMsg" name="delete_mesg" time="74.087">
    <system-out>
      <![CDATA[delete_mesgÏs Executed]]>
    </system-out>
  </testcase> <!-- delete_mesg -->
  <system-out>
    <![CDATA[Enter number
enter first
enter second
enter third
enter fourth
delete_mesgÏs Executed]]>
  </system-out>
</testsuite> <!-- com.Pric.testScripts.DeleteLockedMsg -->
